<?xml version="1.0" encoding="UTF-8"?>
<!-- Generated by org.testng.reporters.JUnitReportReporter -->
<testsuite hostname="ASDA0059" name="browser.time" tests="1" failures="0" timestamp="25 Jun 2015 12:34:08 GMT" time="5.191" errors="0">
  <testcase name="main" time="5.191" classname="browser.time"/>
</testsuite> <!-- browser.time -->
