<?xml version="1.0" encoding="UTF-8"?>
<!-- Generated by org.testng.reporters.JUnitReportReporter -->
<testsuite hostname="ASDA0059" name="testng.displayfile" tests="5" failures="0" timestamp="25 Jun 2015 12:54:21 GMT" time="0.008" errors="0">
  <testcase name="display" time="0.001" classname="testng.displayfile"/>
  <testcase name="display" time="0.007" classname="testng.displayfile"/>
  <testcase name="display" time="0.000" classname="testng.displayfile"/>
  <testcase name="display" time="0.000" classname="testng.displayfile"/>
  <testcase name="display" time="0.000" classname="testng.displayfile"/>
</testsuite> <!-- testng.displayfile -->
